<?xml version="1.0" encoding="UTF-8"?>
<testsuite name="com.example.testingweb.SmokeTest" tests="1" skipped="0" failures="0" errors="0" timestamp="2023-05-21T04:09:38" hostname="LAPTOP-7RBU7P53" time="0.007">
  <properties/>
  <testcase name="contextLoads()" classname="com.example.testingweb.SmokeTest" time="0.007"/>
  <system-out><![CDATA[2023-05-21 00:09:37.469  INFO 12132 --- [    Test worker] .b.t.c.SpringBootTestContextBootstrapper : Neither @ContextConfiguration nor @ContextHierarchy found for test class [com.example.testingweb.SmokeTest], using SpringBootContextLoader
2023-05-21 00:09:37.472  INFO 12132 --- [    Test worker] o.s.t.c.support.AbstractContextLoader    : Could not detect default resource locations for test class [com.example.testingweb.SmokeTest]: no resource found for suffixes {-context.xml, Context.groovy}.
2023-05-21 00:09:37.473  INFO 12132 --- [    Test worker] t.c.s.AnnotationConfigContextLoaderUtils : Could not detect default configuration classes for test class [com.example.testingweb.SmokeTest]: SmokeTest does not declare any static, non-private, non-final, nested classes annotated with @Configuration.
2023-05-21 00:09:37.475  INFO 12132 --- [    Test worker] .b.t.c.SpringBootTestContextBootstrapper : Found @SpringBootConfiguration com.example.testingweb.TestingWebApplication for test class com.example.testingweb.SmokeTest
2023-05-21 00:09:37.477  INFO 12132 --- [    Test worker] .b.t.c.SpringBootTestContextBootstrapper : Loaded default TestExecutionListener class names from location [META-INF/spring.factories]: [org.springframework.boot.test.autoconfigure.restdocs.RestDocsTestExecutionListener, org.springframework.boot.test.autoconfigure.web.client.MockRestServiceServerResetTestExecutionListener, org.springframework.boot.test.autoconfigure.web.servlet.MockMvcPrintOnlyOnFailureTestExecutionListener, org.springframework.boot.test.autoconfigure.web.servlet.WebDriverTestExecutionListener, org.springframework.boot.test.autoconfigure.webservices.client.MockWebServiceServerTestExecutionListener, org.springframework.boot.test.mock.mockito.MockitoTestExecutionListener, org.springframework.boot.test.mock.mockito.ResetMocksTestExecutionListener, org.springframework.test.context.web.ServletTestExecutionListener, org.springframework.test.context.support.DirtiesContextBeforeModesTestExecutionListener, org.springframework.test.context.event.ApplicationEventsTestExecutionListener, org.springframework.test.context.support.DependencyInjectionTestExecutionListener, org.springframework.test.context.support.DirtiesContextTestExecutionListener, org.springframework.test.context.transaction.TransactionalTestExecutionListener, org.springframework.test.context.jdbc.SqlScriptsTestExecutionListener, org.springframework.test.context.event.EventPublishingTestExecutionListener]
2023-05-21 00:09:37.479  INFO 12132 --- [    Test worker] .b.t.c.SpringBootTestContextBootstrapper : Using TestExecutionListeners: [org.springframework.test.context.web.ServletTestExecutionListener@1710ac32, org.springframework.test.context.support.DirtiesContextBeforeModesTestExecutionListener@308a1a6b, org.springframework.test.context.event.ApplicationEventsTestExecutionListener@6f69a972, org.springframework.boot.test.mock.mockito.MockitoTestExecutionListener@1b9b559f, org.springframework.boot.test.autoconfigure.SpringBootDependencyInjectionTestExecutionListener@9f80be2, org.springframework.test.context.support.DirtiesContextTestExecutionListener@69c101f4, org.springframework.test.context.event.EventPublishingTestExecutionListener@4b410787, org.springframework.boot.test.autoconfigure.restdocs.RestDocsTestExecutionListener@a3794dd, org.springframework.boot.test.autoconfigure.web.client.MockRestServiceServerResetTestExecutionListener@43d92962, org.springframework.boot.test.autoconfigure.web.servlet.MockMvcPrintOnlyOnFailureTestExecutionListener@22f64e4c, org.springframework.boot.test.autoconfigure.web.servlet.WebDriverTestExecutionListener@61c818aa, org.springframework.boot.test.autoconfigure.webservices.client.MockWebServiceServerTestExecutionListener@57efe932, org.springframework.boot.test.mock.mockito.ResetMocksTestExecutionListener@5df74894]

  .   ____          _            __ _ _
 /\\ / ___'_ __ _ _(_)_ __  __ _ \ \ \ \
( ( )\___ | '_ | '_| | '_ \/ _` | \ \ \ \
 \\/  ___)| |_)| | | | | || (_| |  ) ) ) )
  '  |____| .__|_| |_|_| |_\__, | / / / /
 =========|_|==============|___/=/_/_/_/
 :: Spring Boot ::                (v2.6.3)

2023-05-21 00:09:37.508  INFO 12132 --- [    Test worker] com.example.testingweb.SmokeTest         : Starting SmokeTest using Java 11.0.15.1 on LAPTOP-7RBU7P53 with PID 12132 (started by tomas in C:\Users\tomas\Desktop\Proyecto\microservicio-spring)
2023-05-21 00:09:37.509  INFO 12132 --- [    Test worker] com.example.testingweb.SmokeTest         : No active profile set, falling back to default profiles: default
2023-05-21 00:09:38.242  INFO 12132 --- [    Test worker] com.example.testingweb.SmokeTest         : Started SmokeTest in 0.757 seconds (JVM running for 9.087)
]]></system-out>
  <system-err><![CDATA[]]></system-err>
</testsuite>
