<?xml version="1.0" encoding="UTF-8"?>
<testsuite name="com.example.testingweb.SmokeTest" tests="1" skipped="0" failures="0" errors="0" timestamp="2023-05-21T03:48:50" hostname="LAPTOP-7RBU7P53" time="0.005">
  <properties/>
  <testcase name="contextLoads()" classname="com.example.testingweb.SmokeTest" time="0.005"/>
  <system-out><![CDATA[2023-05-20 23:48:49.926  INFO 6484 --- [    Test worker] .b.t.c.SpringBootTestContextBootstrapper : Neither @ContextConfiguration nor @ContextHierarchy found for test class [com.example.testingweb.SmokeTest], using SpringBootContextLoader
2023-05-20 23:48:49.926  INFO 6484 --- [    Test worker] o.s.t.c.support.AbstractContextLoader    : Could not detect default resource locations for test class [com.example.testingweb.SmokeTest]: no resource found for suffixes {-context.xml, Context.groovy}.
2023-05-20 23:48:49.926  INFO 6484 --- [    Test worker] t.c.s.AnnotationConfigContextLoaderUtils : Could not detect default configuration classes for test class [com.example.testingweb.SmokeTest]: SmokeTest does not declare any static, non-private, non-final, nested classes annotated with @Configuration.
2023-05-20 23:48:49.926  INFO 6484 --- [    Test worker] .b.t.c.SpringBootTestContextBootstrapper : Found @SpringBootConfiguration com.example.testingweb.TestingWebApplication for test class com.example.testingweb.SmokeTest
2023-05-20 23:48:49.943  INFO 6484 --- [    Test worker] .b.t.c.SpringBootTestContextBootstrapper : Loaded default TestExecutionListener class names from location [META-INF/spring.factories]: [org.springframework.boot.test.autoconfigure.restdocs.RestDocsTestExecutionListener, org.springframework.boot.test.autoconfigure.web.client.MockRestServiceServerResetTestExecutionListener, org.springframework.boot.test.autoconfigure.web.servlet.MockMvcPrintOnlyOnFailureTestExecutionListener, org.springframework.boot.test.autoconfigure.web.servlet.WebDriverTestExecutionListener, org.springframework.boot.test.autoconfigure.webservices.client.MockWebServiceServerTestExecutionListener, org.springframework.boot.test.mock.mockito.MockitoTestExecutionListener, org.springframework.boot.test.mock.mockito.ResetMocksTestExecutionListener, org.springframework.test.context.web.ServletTestExecutionListener, org.springframework.test.context.support.DirtiesContextBeforeModesTestExecutionListener, org.springframework.test.context.event.ApplicationEventsTestExecutionListener, org.springframework.test.context.support.DependencyInjectionTestExecutionListener, org.springframework.test.context.support.DirtiesContextTestExecutionListener, org.springframework.test.context.transaction.TransactionalTestExecutionListener, org.springframework.test.context.jdbc.SqlScriptsTestExecutionListener, org.springframework.test.context.event.EventPublishingTestExecutionListener]
2023-05-20 23:48:49.944  INFO 6484 --- [    Test worker] .b.t.c.SpringBootTestContextBootstrapper : Using TestExecutionListeners: [org.springframework.test.context.web.ServletTestExecutionListener@61681e28, org.springframework.test.context.support.DirtiesContextBeforeModesTestExecutionListener@787355df, org.springframework.test.context.event.ApplicationEventsTestExecutionListener@276d0f6c, org.springframework.boot.test.mock.mockito.MockitoTestExecutionListener@3345cd4f, org.springframework.boot.test.autoconfigure.SpringBootDependencyInjectionTestExecutionListener@12fd1c51, org.springframework.test.context.support.DirtiesContextTestExecutionListener@70c27e7c, org.springframework.test.context.event.EventPublishingTestExecutionListener@3f1b0967, org.springframework.boot.test.autoconfigure.restdocs.RestDocsTestExecutionListener@22a9847e, org.springframework.boot.test.autoconfigure.web.client.MockRestServiceServerResetTestExecutionListener@58cc0bee, org.springframework.boot.test.autoconfigure.web.servlet.MockMvcPrintOnlyOnFailureTestExecutionListener@3b9eaf15, org.springframework.boot.test.autoconfigure.web.servlet.WebDriverTestExecutionListener@5ca9c930, org.springframework.boot.test.autoconfigure.webservices.client.MockWebServiceServerTestExecutionListener@324d3caf, org.springframework.boot.test.mock.mockito.ResetMocksTestExecutionListener@ae6d273]

  .   ____          _            __ _ _
 /\\ / ___'_ __ _ _(_)_ __  __ _ \ \ \ \
( ( )\___ | '_ | '_| | '_ \/ _` | \ \ \ \
 \\/  ___)| |_)| | | | | || (_| |  ) ) ) )
  '  |____| .__|_| |_|_| |_\__, | / / / /
 =========|_|==============|___/=/_/_/_/
 :: Spring Boot ::                (v2.6.3)

2023-05-20 23:48:50.002  INFO 6484 --- [    Test worker] com.example.testingweb.SmokeTest         : Starting SmokeTest using Java 11.0.15.1 on LAPTOP-7RBU7P53 with PID 6484 (started by tomas in C:\Users\tomas\Desktop\Proyecto\microservicio-spring)
2023-05-20 23:48:50.003  INFO 6484 --- [    Test worker] com.example.testingweb.SmokeTest         : No active profile set, falling back to default profiles: default
2023-05-20 23:48:50.430  INFO 6484 --- [    Test worker] com.example.testingweb.SmokeTest         : Started SmokeTest in 0.467 seconds (JVM running for 6.702)
]]></system-out>
  <system-err><![CDATA[]]></system-err>
</testsuite>
