<?xml version="1.0" encoding="UTF-8"?>
<testsuite name="com.example.testingweb.WebMockTest" tests="1" skipped="0" failures="0" errors="0" timestamp="2023-05-21T03:38:25" hostname="LAPTOP-7RBU7P53" time="0.076">
  <properties/>
  <testcase name="greetingShouldReturnMessageFromService()" classname="com.example.testingweb.WebMockTest" time="0.076"/>
  <system-out><![CDATA[2023-05-20 23:38:24.607  INFO 5716 --- [    Test worker] .b.t.a.w.s.WebMvcTestContextBootstrapper : Neither @ContextConfiguration nor @ContextHierarchy found for test class [com.example.testingweb.WebMockTest], using SpringBootContextLoader
2023-05-20 23:38:24.609  INFO 5716 --- [    Test worker] o.s.t.c.support.AbstractContextLoader    : Could not detect default resource locations for test class [com.example.testingweb.WebMockTest]: no resource found for suffixes {-context.xml, Context.groovy}.
2023-05-20 23:38:24.610  INFO 5716 --- [    Test worker] t.c.s.AnnotationConfigContextLoaderUtils : Could not detect default configuration classes for test class [com.example.testingweb.WebMockTest]: WebMockTest does not declare any static, non-private, non-final, nested classes annotated with @Configuration.
2023-05-20 23:38:24.618  INFO 5716 --- [    Test worker] .b.t.c.SpringBootTestContextBootstrapper : Found @SpringBootConfiguration com.example.testingweb.TestingWebApplication for test class com.example.testingweb.WebMockTest
2023-05-20 23:38:24.618  INFO 5716 --- [    Test worker] .b.t.a.w.s.WebMvcTestContextBootstrapper : Loaded default TestExecutionListener class names from location [META-INF/spring.factories]: [org.springframework.boot.test.autoconfigure.restdocs.RestDocsTestExecutionListener, org.springframework.boot.test.autoconfigure.web.client.MockRestServiceServerResetTestExecutionListener, org.springframework.boot.test.autoconfigure.web.servlet.MockMvcPrintOnlyOnFailureTestExecutionListener, org.springframework.boot.test.autoconfigure.web.servlet.WebDriverTestExecutionListener, org.springframework.boot.test.autoconfigure.webservices.client.MockWebServiceServerTestExecutionListener, org.springframework.boot.test.mock.mockito.MockitoTestExecutionListener, org.springframework.boot.test.mock.mockito.ResetMocksTestExecutionListener, org.springframework.test.context.web.ServletTestExecutionListener, org.springframework.test.context.support.DirtiesContextBeforeModesTestExecutionListener, org.springframework.test.context.event.ApplicationEventsTestExecutionListener, org.springframework.test.context.support.DependencyInjectionTestExecutionListener, org.springframework.test.context.support.DirtiesContextTestExecutionListener, org.springframework.test.context.transaction.TransactionalTestExecutionListener, org.springframework.test.context.jdbc.SqlScriptsTestExecutionListener, org.springframework.test.context.event.EventPublishingTestExecutionListener]
2023-05-20 23:38:24.620  INFO 5716 --- [    Test worker] .b.t.a.w.s.WebMvcTestContextBootstrapper : Using TestExecutionListeners: [org.springframework.test.context.web.ServletTestExecutionListener@5afcc7cc, org.springframework.test.context.support.DirtiesContextBeforeModesTestExecutionListener@6a53abff, org.springframework.test.context.event.ApplicationEventsTestExecutionListener@37bb5b80, org.springframework.boot.test.mock.mockito.MockitoTestExecutionListener@4e4b4cc2, org.springframework.boot.test.autoconfigure.SpringBootDependencyInjectionTestExecutionListener@72352060, org.springframework.test.context.support.DirtiesContextTestExecutionListener@5ce618a, org.springframework.test.context.event.EventPublishingTestExecutionListener@68c45de8, org.springframework.boot.test.autoconfigure.restdocs.RestDocsTestExecutionListener@7cfd216e, org.springframework.boot.test.autoconfigure.web.client.MockRestServiceServerResetTestExecutionListener@279038b1, org.springframework.boot.test.autoconfigure.web.servlet.MockMvcPrintOnlyOnFailureTestExecutionListener@5124cff8, org.springframework.boot.test.autoconfigure.web.servlet.WebDriverTestExecutionListener@1b45f329, org.springframework.boot.test.autoconfigure.webservices.client.MockWebServiceServerTestExecutionListener@e26577e, org.springframework.boot.test.mock.mockito.ResetMocksTestExecutionListener@28d5a3bb]

  .   ____          _            __ _ _
 /\\ / ___'_ __ _ _(_)_ __  __ _ \ \ \ \
( ( )\___ | '_ | '_| | '_ \/ _` | \ \ \ \
 \\/  ___)| |_)| | | | | || (_| |  ) ) ) )
  '  |____| .__|_| |_|_| |_\__, | / / / /
 =========|_|==============|___/=/_/_/_/
 :: Spring Boot ::                (v2.6.3)

2023-05-20 23:38:24.640  INFO 5716 --- [    Test worker] com.example.testingweb.WebMockTest       : Starting WebMockTest using Java 11.0.15.1 on LAPTOP-7RBU7P53 with PID 5716 (started by tomas in C:\Users\tomas\Desktop\Proyecto\microservicio-spring)
2023-05-20 23:38:24.640  INFO 5716 --- [    Test worker] com.example.testingweb.WebMockTest       : No active profile set, falling back to default profiles: default
2023-05-20 23:38:25.118  INFO 5716 --- [    Test worker] o.s.b.t.m.w.SpringBootMockServletContext : Initializing Spring TestDispatcherServlet ''
2023-05-20 23:38:25.119  INFO 5716 --- [    Test worker] o.s.t.web.servlet.TestDispatcherServlet  : Initializing Servlet ''
2023-05-20 23:38:25.120  INFO 5716 --- [    Test worker] o.s.t.web.servlet.TestDispatcherServlet  : Completed initialization in 1 ms
2023-05-20 23:38:25.133  INFO 5716 --- [    Test worker] com.example.testingweb.WebMockTest       : Started WebMockTest in 0.51 seconds (JVM running for 8.492)

MockHttpServletRequest:
      HTTP Method = GET
      Request URI = /greeting
       Parameters = {}
          Headers = []
             Body = null
    Session Attrs = {}

Handler:
             Type = com.example.testingweb.GreetingController
           Method = com.example.testingweb.GreetingController#greeting()

Async:
    Async started = false
     Async result = null

Resolved Exception:
             Type = null

ModelAndView:
        View name = null
             View = null
            Model = null

FlashMap:
       Attributes = null

MockHttpServletResponse:
           Status = 200
    Error message = null
          Headers = [Content-Type:"text/plain;charset=UTF-8", Content-Length:"11"]
     Content type = text/plain;charset=UTF-8
             Body = Hello, Mock
    Forwarded URL = null
   Redirected URL = null
          Cookies = []
]]></system-out>
  <system-err><![CDATA[]]></system-err>
</testsuite>
