<?xml version="1.0" encoding="UTF-8"?>
<testsuite name="com.example.testingweb.SmokeTest" tests="1" skipped="0" failures="0" errors="0" timestamp="2023-05-18T02:01:11" hostname="LAPTOP-7RBU7P53" time="0.008">
  <properties/>
  <testcase name="contextLoads()" classname="com.example.testingweb.SmokeTest" time="0.008"/>
  <system-out><![CDATA[2023-05-17 22:01:10.745  INFO 14596 --- [    Test worker] .b.t.c.SpringBootTestContextBootstrapper : Neither @ContextConfiguration nor @ContextHierarchy found for test class [com.example.testingweb.SmokeTest], using SpringBootContextLoader
2023-05-17 22:01:10.746  INFO 14596 --- [    Test worker] o.s.t.c.support.AbstractContextLoader    : Could not detect default resource locations for test class [com.example.testingweb.SmokeTest]: no resource found for suffixes {-context.xml, Context.groovy}.
2023-05-17 22:01:10.747  INFO 14596 --- [    Test worker] t.c.s.AnnotationConfigContextLoaderUtils : Could not detect default configuration classes for test class [com.example.testingweb.SmokeTest]: SmokeTest does not declare any static, non-private, non-final, nested classes annotated with @Configuration.
2023-05-17 22:01:10.749  INFO 14596 --- [    Test worker] .b.t.c.SpringBootTestContextBootstrapper : Found @SpringBootConfiguration com.example.testingweb.TestingWebApplication for test class com.example.testingweb.SmokeTest
2023-05-17 22:01:10.752  INFO 14596 --- [    Test worker] .b.t.c.SpringBootTestContextBootstrapper : Loaded default TestExecutionListener class names from location [META-INF/spring.factories]: [org.springframework.boot.test.autoconfigure.restdocs.RestDocsTestExecutionListener, org.springframework.boot.test.autoconfigure.web.client.MockRestServiceServerResetTestExecutionListener, org.springframework.boot.test.autoconfigure.web.servlet.MockMvcPrintOnlyOnFailureTestExecutionListener, org.springframework.boot.test.autoconfigure.web.servlet.WebDriverTestExecutionListener, org.springframework.boot.test.autoconfigure.webservices.client.MockWebServiceServerTestExecutionListener, org.springframework.boot.test.mock.mockito.MockitoTestExecutionListener, org.springframework.boot.test.mock.mockito.ResetMocksTestExecutionListener, org.springframework.test.context.web.ServletTestExecutionListener, org.springframework.test.context.support.DirtiesContextBeforeModesTestExecutionListener, org.springframework.test.context.event.ApplicationEventsTestExecutionListener, org.springframework.test.context.support.DependencyInjectionTestExecutionListener, org.springframework.test.context.support.DirtiesContextTestExecutionListener, org.springframework.test.context.transaction.TransactionalTestExecutionListener, org.springframework.test.context.jdbc.SqlScriptsTestExecutionListener, org.springframework.test.context.event.EventPublishingTestExecutionListener]
2023-05-17 22:01:10.754  INFO 14596 --- [    Test worker] .b.t.c.SpringBootTestContextBootstrapper : Using TestExecutionListeners: [org.springframework.test.context.web.ServletTestExecutionListener@1896e4e6, org.springframework.test.context.support.DirtiesContextBeforeModesTestExecutionListener@5c1bac5, org.springframework.test.context.event.ApplicationEventsTestExecutionListener@66a9c067, org.springframework.boot.test.mock.mockito.MockitoTestExecutionListener@745b4c72, org.springframework.boot.test.autoconfigure.SpringBootDependencyInjectionTestExecutionListener@5b4537cb, org.springframework.test.context.support.DirtiesContextTestExecutionListener@535ab9f4, org.springframework.test.context.event.EventPublishingTestExecutionListener@7bd8e100, org.springframework.boot.test.autoconfigure.restdocs.RestDocsTestExecutionListener@55ce0ad5, org.springframework.boot.test.autoconfigure.web.client.MockRestServiceServerResetTestExecutionListener@274794c8, org.springframework.boot.test.autoconfigure.web.servlet.MockMvcPrintOnlyOnFailureTestExecutionListener@21541ccd, org.springframework.boot.test.autoconfigure.web.servlet.WebDriverTestExecutionListener@1d383906, org.springframework.boot.test.autoconfigure.webservices.client.MockWebServiceServerTestExecutionListener@388500d6, org.springframework.boot.test.mock.mockito.ResetMocksTestExecutionListener@237f32da]

  .   ____          _            __ _ _
 /\\ / ___'_ __ _ _(_)_ __  __ _ \ \ \ \
( ( )\___ | '_ | '_| | '_ \/ _` | \ \ \ \
 \\/  ___)| |_)| | | | | || (_| |  ) ) ) )
  '  |____| .__|_| |_|_| |_\__, | / / / /
 =========|_|==============|___/=/_/_/_/
 :: Spring Boot ::                (v2.6.3)

2023-05-17 22:01:10.818  INFO 14596 --- [    Test worker] com.example.testingweb.SmokeTest         : Starting SmokeTest using Java 11.0.15.1 on LAPTOP-7RBU7P53 with PID 14596 (started by tomas in C:\Users\tomas\Desktop\Proyecto\microservicio-spring)
2023-05-17 22:01:10.819  INFO 14596 --- [    Test worker] com.example.testingweb.SmokeTest         : No active profile set, falling back to default profiles: default
2023-05-17 22:01:11.517  INFO 14596 --- [    Test worker] com.example.testingweb.SmokeTest         : Started SmokeTest in 0.754 seconds (JVM running for 5.528)
]]></system-out>
  <system-err><![CDATA[]]></system-err>
</testsuite>
