<?xml version="1.0" encoding="UTF-8"?>
<testsuite name="com.example.testingweb.SmokeTest" tests="1" skipped="0" failures="0" errors="0" timestamp="2023-05-21T03:38:23" hostname="LAPTOP-7RBU7P53" time="0.005">
  <properties/>
  <testcase name="contextLoads()" classname="com.example.testingweb.SmokeTest" time="0.005"/>
  <system-out><![CDATA[2023-05-20 23:38:23.065  INFO 5716 --- [    Test worker] .b.t.c.SpringBootTestContextBootstrapper : Neither @ContextConfiguration nor @ContextHierarchy found for test class [com.example.testingweb.SmokeTest], using SpringBootContextLoader
2023-05-20 23:38:23.066  INFO 5716 --- [    Test worker] o.s.t.c.support.AbstractContextLoader    : Could not detect default resource locations for test class [com.example.testingweb.SmokeTest]: no resource found for suffixes {-context.xml, Context.groovy}.
2023-05-20 23:38:23.067  INFO 5716 --- [    Test worker] t.c.s.AnnotationConfigContextLoaderUtils : Could not detect default configuration classes for test class [com.example.testingweb.SmokeTest]: SmokeTest does not declare any static, non-private, non-final, nested classes annotated with @Configuration.
2023-05-20 23:38:23.070  INFO 5716 --- [    Test worker] .b.t.c.SpringBootTestContextBootstrapper : Found @SpringBootConfiguration com.example.testingweb.TestingWebApplication for test class com.example.testingweb.SmokeTest
2023-05-20 23:38:23.073  INFO 5716 --- [    Test worker] .b.t.c.SpringBootTestContextBootstrapper : Loaded default TestExecutionListener class names from location [META-INF/spring.factories]: [org.springframework.boot.test.autoconfigure.restdocs.RestDocsTestExecutionListener, org.springframework.boot.test.autoconfigure.web.client.MockRestServiceServerResetTestExecutionListener, org.springframework.boot.test.autoconfigure.web.servlet.MockMvcPrintOnlyOnFailureTestExecutionListener, org.springframework.boot.test.autoconfigure.web.servlet.WebDriverTestExecutionListener, org.springframework.boot.test.autoconfigure.webservices.client.MockWebServiceServerTestExecutionListener, org.springframework.boot.test.mock.mockito.MockitoTestExecutionListener, org.springframework.boot.test.mock.mockito.ResetMocksTestExecutionListener, org.springframework.test.context.web.ServletTestExecutionListener, org.springframework.test.context.support.DirtiesContextBeforeModesTestExecutionListener, org.springframework.test.context.event.ApplicationEventsTestExecutionListener, org.springframework.test.context.support.DependencyInjectionTestExecutionListener, org.springframework.test.context.support.DirtiesContextTestExecutionListener, org.springframework.test.context.transaction.TransactionalTestExecutionListener, org.springframework.test.context.jdbc.SqlScriptsTestExecutionListener, org.springframework.test.context.event.EventPublishingTestExecutionListener]
2023-05-20 23:38:23.075  INFO 5716 --- [    Test worker] .b.t.c.SpringBootTestContextBootstrapper : Using TestExecutionListeners: [org.springframework.test.context.web.ServletTestExecutionListener@51128d0a, org.springframework.test.context.support.DirtiesContextBeforeModesTestExecutionListener@41bf81b7, org.springframework.test.context.event.ApplicationEventsTestExecutionListener@4035a190, org.springframework.boot.test.mock.mockito.MockitoTestExecutionListener@4dd9c87b, org.springframework.boot.test.autoconfigure.SpringBootDependencyInjectionTestExecutionListener@8e66617, org.springframework.test.context.support.DirtiesContextTestExecutionListener@35e9ec85, org.springframework.test.context.event.EventPublishingTestExecutionListener@583de289, org.springframework.boot.test.autoconfigure.restdocs.RestDocsTestExecutionListener@5b2463e5, org.springframework.boot.test.autoconfigure.web.client.MockRestServiceServerResetTestExecutionListener@60c97048, org.springframework.boot.test.autoconfigure.web.servlet.MockMvcPrintOnlyOnFailureTestExecutionListener@1abe2510, org.springframework.boot.test.autoconfigure.web.servlet.WebDriverTestExecutionListener@2d20a564, org.springframework.boot.test.autoconfigure.webservices.client.MockWebServiceServerTestExecutionListener@55e3c06e, org.springframework.boot.test.mock.mockito.ResetMocksTestExecutionListener@7e03b1aa]

  .   ____          _            __ _ _
 /\\ / ___'_ __ _ _(_)_ __  __ _ \ \ \ \
( ( )\___ | '_ | '_| | '_ \/ _` | \ \ \ \
 \\/  ___)| |_)| | | | | || (_| |  ) ) ) )
  '  |____| .__|_| |_|_| |_\__, | / / / /
 =========|_|==============|___/=/_/_/_/
 :: Spring Boot ::                (v2.6.3)

2023-05-20 23:38:23.117  INFO 5716 --- [    Test worker] com.example.testingweb.SmokeTest         : Starting SmokeTest using Java 11.0.15.1 on LAPTOP-7RBU7P53 with PID 5716 (started by tomas in C:\Users\tomas\Desktop\Proyecto\microservicio-spring)
2023-05-20 23:38:23.117  INFO 5716 --- [    Test worker] com.example.testingweb.SmokeTest         : No active profile set, falling back to default profiles: default
2023-05-20 23:38:23.597  INFO 5716 --- [    Test worker] com.example.testingweb.SmokeTest         : Started SmokeTest in 0.511 seconds (JVM running for 6.956)
]]></system-out>
  <system-err><![CDATA[]]></system-err>
</testsuite>
